#! /opt/homebrew/Cellar/icarus-verilog/12.0/bin/vvp
:ivl_version "12.0 (stable)";
:ivl_delay_selection "TYPICAL";
:vpi_time_precision - 12;
:vpi_module "/opt/homebrew/Cellar/icarus-verilog/12.0/lib/ivl/system.vpi";
:vpi_module "/opt/homebrew/Cellar/icarus-verilog/12.0/lib/ivl/vhdl_sys.vpi";
:vpi_module "/opt/homebrew/Cellar/icarus-verilog/12.0/lib/ivl/vhdl_textio.vpi";
:vpi_module "/opt/homebrew/Cellar/icarus-verilog/12.0/lib/ivl/v2005_math.vpi";
:vpi_module "/opt/homebrew/Cellar/icarus-verilog/12.0/lib/ivl/va_math.vpi";
S_0x1038d8110 .scope module, "tb" "tb" 2 7;
 .timescale -9 -12;
v0xaa8c541e0_0 .var "clk", 0 0;
v0xaa8c54280_0 .var "ena", 0 0;
v0xaa8c54320_0 .var "rst_n", 0 0;
v0xaa8c543c0_0 .var "ui_in", 7 0;
v0xaa8c54460_0 .var "uio_in", 7 0;
L_0xaa88540a0 .functor BUFT 1, C4<00000000>, C4<0>, C4<0>, C4<0>;
v0xaa8c54500_0 .net "uio_oe", 7 0, L_0xaa88540a0;  1 drivers
L_0xaa8854058 .functor BUFT 1, C4<00000000>, C4<0>, C4<0>, C4<0>;
v0xaa8c545a0_0 .net "uio_out", 7 0, L_0xaa8854058;  1 drivers
v0xaa8c54640_0 .net "uo_out", 7 0, L_0x1038e3030;  1 drivers
S_0x1038d8290 .scope module, "uut" "ChiselTop" 2 48, 3 1 0, S_0x1038d8110;
 .timescale -9 -12;
    .port_info 0 /INPUT 1 "clock";
    .port_info 1 /INPUT 1 "reset";
    .port_info 2 /INPUT 8 "io_ui_in";
    .port_info 3 /OUTPUT 8 "io_uo_out";
    .port_info 4 /INPUT 8 "io_uio_in";
    .port_info 5 /OUTPUT 8 "io_uio_out";
    .port_info 6 /OUTPUT 8 "io_uio_oe";
v0x1038e1070_0 .net "_add_T_1", 7 0, L_0x1038e2e50;  1 drivers
v0x1038e1c30_0 .net "_cntReg_T_1", 31 0, L_0x1038e2ef0;  1 drivers
L_0xaa8854010 .functor BUFT 1, C4<00000000000000000000000000000001>, C4<0>, C4<0>, C4<0>;
v0x1038e1a20_0 .net/2u *"_ivl_2", 31 0, L_0xaa8854010;  1 drivers
v0x1038e0ad0_0 .net "add", 6 0, L_0x1038e2f90;  1 drivers
v0x1038dc470_0 .net "clock", 0 0, v0xaa8c541e0_0;  1 drivers
v0x1038dc510_0 .var "cntReg", 31 0;
v0x1038dc5b0_0 .net "io_ui_in", 7 0, v0xaa8c543c0_0;  1 drivers
v0x1038dc650_0 .net "io_uio_in", 7 0, v0xaa8c54460_0;  1 drivers
v0x1038dc6f0_0 .net "io_uio_oe", 7 0, L_0xaa88540a0;  alias, 1 drivers
v0x1038e2db0_0 .net "io_uio_out", 7 0, L_0xaa8854058;  alias, 1 drivers
v0xaa8c54000_0 .net "io_uo_out", 7 0, L_0x1038e3030;  alias, 1 drivers
v0xaa8c540a0_0 .var "ledReg", 0 0;
v0xaa8c54140_0 .net "reset", 0 0, v0xaa8c54320_0;  1 drivers
E_0xaa9050200 .event posedge, v0x1038dc470_0;
L_0x1038e2e50 .arith/sum 8, v0xaa8c543c0_0, v0xaa8c54460_0;
L_0x1038e2ef0 .arith/sum 32, v0x1038dc510_0, L_0xaa8854010;
L_0x1038e2f90 .part L_0x1038e2e50, 0, 7;
L_0x1038e3030 .concat [ 7 1 0 0], L_0x1038e2f90, v0xaa8c540a0_0;
    .scope S_0x1038d8290;
T_0 ;
    %wait E_0xaa9050200;
    %load/vec4 v0xaa8c54140_0;
    %flag_set/vec4 8;
    %jmp/0xz  T_0.0, 8;
    %pushi/vec4 0, 0, 32;
    %assign/vec4 v0x1038dc510_0, 0;
    %jmp T_0.1;
T_0.0 ;
    %load/vec4 v0x1038dc510_0;
    %cmpi/e 50, 0, 32;
    %jmp/0xz  T_0.2, 4;
    %pushi/vec4 0, 0, 32;
    %assign/vec4 v0x1038dc510_0, 0;
    %jmp T_0.3;
T_0.2 ;
    %load/vec4 v0x1038e1c30_0;
    %assign/vec4 v0x1038dc510_0, 0;
T_0.3 ;
T_0.1 ;
    %load/vec4 v0xaa8c54140_0;
    %flag_set/vec4 8;
    %jmp/0xz  T_0.4, 8;
    %pushi/vec4 0, 0, 1;
    %assign/vec4 v0xaa8c540a0_0, 0;
    %jmp T_0.5;
T_0.4 ;
    %load/vec4 v0x1038dc510_0;
    %cmpi/e 50, 0, 32;
    %jmp/0xz  T_0.6, 4;
    %load/vec4 v0xaa8c540a0_0;
    %inv;
    %assign/vec4 v0xaa8c540a0_0, 0;
T_0.6 ;
T_0.5 ;
    %jmp T_0;
    .thread T_0;
    .scope S_0x1038d8290;
T_1 ;
    %end;
    .thread T_1;
    .scope S_0x1038d8110;
T_2 ;
    %pushi/vec4 0, 0, 1;
    %store/vec4 v0xaa8c541e0_0, 0, 1;
    %end;
    .thread T_2;
    .scope S_0x1038d8110;
T_3 ;
    %delay 5000, 0;
    %load/vec4 v0xaa8c541e0_0;
    %inv;
    %store/vec4 v0xaa8c541e0_0, 0, 1;
    %jmp T_3;
    .thread T_3;
    .scope S_0x1038d8110;
T_4 ;
    %pushi/vec4 1, 0, 1;
    %store/vec4 v0xaa8c54320_0, 0, 1;
    %pushi/vec4 0, 0, 1;
    %store/vec4 v0xaa8c54280_0, 0, 1;
    %pushi/vec4 0, 0, 8;
    %store/vec4 v0xaa8c54460_0, 0, 8;
    %pushi/vec4 0, 0, 8;
    %store/vec4 v0xaa8c543c0_0, 0, 8;
    %delay 25000, 0;
    %pushi/vec4 0, 0, 1;
    %store/vec4 v0xaa8c54320_0, 0, 1;
    %pushi/vec4 1, 0, 1;
    %store/vec4 v0xaa8c54280_0, 0, 1;
    %delay 2000000, 0;
    %vpi_call 2 23 "$finish" {0 0 0};
    %end;
    .thread T_4;
    .scope S_0x1038d8110;
T_5 ;
    %vpi_call 2 28 "$dumpfile", "tb.fst" {0 0 0};
    %vpi_call 2 29 "$dumpvars", 32'sb00000000000000000000000000000000, S_0x1038d8110 {0 0 0};
    %delay 2000000, 0;
    %vpi_call 2 31 "$finish" {0 0 0};
    %end;
    .thread T_5;
# The file index is used to find the file name in the following table.
:file_names 4;
    "N/A";
    "<interactive>";
    "test/tb.v";
    "src/ChiselTop.v";
